1667845818649	geckodriver	INFO	Listening on 127.0.0.1:52116
1667845821716	mozrunner::runner	INFO	Running command: "C:\\Program Files\\Mozilla Firefox\\firefox.exe" "--marionette" "--remote-debugging-port" "52117" "--remote-allow-hosts" "localhost" "-no-remote" "-profile" "C:\\Users\\Hp\\AppData\\Local\\Temp\\rust_mozprofile2FWHt4"
1667845822357	Marionette	INFO	Marionette enabled
1667845822363	Marionette	INFO	Listening on port 52126
Read port: 52126
WebDriver BiDi listening on ws://127.0.0.1:52117
1667845822516	RemoteAgent	WARN	TLS certificate errors will be ignored for this session
console.warn: SearchSettings: "get: No settings file exists, new profile?" (new NotFoundError("Could not open the file at C:\\Users\\Hp\\AppData\\Local\\Temp\\rust_mozprofile2FWHt4\\search.json.mozlz4", (void 0)))
DevTools listening on ws://127.0.0.1:52117/devtools/browser/c4b12b39-25a2-48ae-87e8-9a8e1c0b5a9c
console.warn: LoginRecipes: "Falling back to a synchronous message for: http://howstat.com."
console.warn: LoginRecipes: "Falling back to a synchronous message for: http://howstat.com."
1667845880787	Marionette	INFO	Stopped listening on port 52126
console.warn: TopSitesFeed: Failed to fetch data from Contile server: NetworkError when attempting to fetch resource.
1667846036073	geckodriver	INFO	Listening on 127.0.0.1:52243
1667846039130	mozrunner::runner	INFO	Running command: "C:\\Program Files\\Mozilla Firefox\\firefox.exe" "--marionette" "--remote-debugging-port" "52244" "--remote-allow-hosts" "localhost" "-no-remote" "-profile" "C:\\Users\\Hp\\AppData\\Local\\Temp\\rust_mozprofileBMDyrq"
1667846039592	Marionette	INFO	Marionette enabled
1667846039599	Marionette	INFO	Listening on port 52253
Read port: 52253
WebDriver BiDi listening on ws://127.0.0.1:52244
1667846039802	RemoteAgent	WARN	TLS certificate errors will be ignored for this session
console.warn: SearchSettings: "get: No settings file exists, new profile?" (new NotFoundError("Could not open the file at C:\\Users\\Hp\\AppData\\Local\\Temp\\rust_mozprofileBMDyrq\\search.json.mozlz4", (void 0)))
DevTools listening on ws://127.0.0.1:52244/devtools/browser/e6aa6157-7c7e-49d6-9100-c6e334022c91
console.warn: LoginRecipes: "Falling back to a synchronous message for: http://howstat.com."
console.warn: LoginRecipes: "Falling back to a synchronous message for: http://howstat.com."
1667846055018	Marionette	INFO	Stopped listening on port 52253
1667846067626	geckodriver	INFO	Listening on 127.0.0.1:52352
1667846070685	mozrunner::runner	INFO	Running command: "C:\\Program Files\\Mozilla Firefox\\firefox.exe" "--marionette" "--remote-debugging-port" "52353" "--remote-allow-hosts" "localhost" "-no-remote" "-profile" "C:\\Users\\Hp\\AppData\\Local\\Temp\\rust_mozprofilejoZ6Iy"
1667846071099	Marionette	INFO	Marionette enabled
1667846071105	Marionette	INFO	Listening on port 52362
Read port: 52362
WebDriver BiDi listening on ws://127.0.0.1:52353
1667846071267	RemoteAgent	WARN	TLS certificate errors will be ignored for this session
console.warn: SearchSettings: "get: No settings file exists, new profile?" (new NotFoundError("Could not open the file at C:\\Users\\Hp\\AppData\\Local\\Temp\\rust_mozprofilejoZ6Iy\\search.json.mozlz4", (void 0)))
DevTools listening on ws://127.0.0.1:52353/devtools/browser/d57d1a3d-a32e-4a24-bf6d-ee9f7ea073a0
console.warn: LoginRecipes: "Falling back to a synchronous message for: http://howstat.com."
console.warn: LoginRecipes: "Falling back to a synchronous message for: http://howstat.com."
1667846083333	Marionette	INFO	Stopped listening on port 52362
1667846214980	geckodriver	INFO	Listening on 127.0.0.1:52521
1667846218039	mozrunner::runner	INFO	Running command: "C:\\Program Files\\Mozilla Firefox\\firefox.exe" "--marionette" "--remote-debugging-port" "52522" "--remote-allow-hosts" "localhost" "-no-remote" "-profile" "C:\\Users\\Hp\\AppData\\Local\\Temp\\rust_mozprofileu5dg6R"
1667846218467	Marionette	INFO	Marionette enabled
1667846218474	Marionette	INFO	Listening on port 52531
Read port: 52531
WebDriver BiDi listening on ws://127.0.0.1:52522
1667846218637	RemoteAgent	WARN	TLS certificate errors will be ignored for this session
console.warn: SearchSettings: "get: No settings file exists, new profile?" (new NotFoundError("Could not open the file at C:\\Users\\Hp\\AppData\\Local\\Temp\\rust_mozprofileu5dg6R\\search.json.mozlz4", (void 0)))
DevTools listening on ws://127.0.0.1:52522/devtools/browser/78bc13ad-41a9-47f2-b5c1-016787bcee6c
console.warn: LoginRecipes: "Falling back to a synchronous message for: http://howstat.com."
console.warn: LoginRecipes: "Falling back to a synchronous message for: http://howstat.com."
1667846235335	Marionette	INFO	Stopped listening on port 52531
1667846268994	geckodriver	INFO	Listening on 127.0.0.1:52635
1667846272065	mozrunner::runner	INFO	Running command: "C:\\Program Files\\Mozilla Firefox\\firefox.exe" "--marionette" "--remote-debugging-port" "52636" "--remote-allow-hosts" "localhost" "-no-remote" "-profile" "C:\\Users\\Hp\\AppData\\Local\\Temp\\rust_mozprofileS7QOkL"
1667846272498	Marionette	INFO	Marionette enabled
1667846272505	Marionette	INFO	Listening on port 52645
WebDriver BiDi listening on ws://127.0.0.1:52636
Read port: 52645
1667846272853	RemoteAgent	WARN	TLS certificate errors will be ignored for this session
console.warn: SearchSettings: "get: No settings file exists, new profile?" (new NotFoundError("Could not open the file at C:\\Users\\Hp\\AppData\\Local\\Temp\\rust_mozprofileS7QOkL\\search.json.mozlz4", (void 0)))
DevTools listening on ws://127.0.0.1:52636/devtools/browser/94713cde-cd30-43e9-987c-9eb19ecfce5d
console.warn: LoginRecipes: "Falling back to a synchronous message for: http://howstat.com."
console.warn: LoginRecipes: "Falling back to a synchronous message for: http://howstat.com."
1667846283319	Marionette	INFO	Stopped listening on port 52645
1667846324418	geckodriver	INFO	Listening on 127.0.0.1:52724
1667846327488	mozrunner::runner	INFO	Running command: "C:\\Program Files\\Mozilla Firefox\\firefox.exe" "--marionette" "--remote-debugging-port" "52725" "--remote-allow-hosts" "localhost" "-no-remote" "-profile" "C:\\Users\\Hp\\AppData\\Local\\Temp\\rust_mozprofileDORTVi"
1667846327919	Marionette	INFO	Marionette enabled
1667846327925	Marionette	INFO	Listening on port 52738
WebDriver BiDi listening on ws://127.0.0.1:52725
Read port: 52738
1667846328252	RemoteAgent	WARN	TLS certificate errors will be ignored for this session
console.warn: SearchSettings: "get: No settings file exists, new profile?" (new NotFoundError("Could not open the file at C:\\Users\\Hp\\AppData\\Local\\Temp\\rust_mozprofileDORTVi\\search.json.mozlz4", (void 0)))
DevTools listening on ws://127.0.0.1:52725/devtools/browser/35f8c41b-fca7-44fa-8e7d-98602f2cfb4d
console.warn: LoginRecipes: "Falling back to a synchronous message for: http://howstat.com."
console.warn: LoginRecipes: "Falling back to a synchronous message for: http://howstat.com."
1667846339262	Marionette	INFO	Stopped listening on port 52738
1667846448819	geckodriver	INFO	Listening on 127.0.0.1:52832
1667846451874	mozrunner::runner	INFO	Running command: "C:\\Program Files\\Mozilla Firefox\\firefox.exe" "--marionette" "--remote-debugging-port" "52833" "--remote-allow-hosts" "localhost" "-no-remote" "-profile" "C:\\Users\\Hp\\AppData\\Local\\Temp\\rust_mozprofileoTOsL4"
1667846452298	Marionette	INFO	Marionette enabled
1667846452304	Marionette	INFO	Listening on port 52851
Read port: 52851
WebDriver BiDi listening on ws://127.0.0.1:52833
1667846452463	RemoteAgent	WARN	TLS certificate errors will be ignored for this session
console.warn: SearchSettings: "get: No settings file exists, new profile?" (new NotFoundError("Could not open the file at C:\\Users\\Hp\\AppData\\Local\\Temp\\rust_mozprofileoTOsL4\\search.json.mozlz4", (void 0)))
DevTools listening on ws://127.0.0.1:52833/devtools/browser/70652891-6593-41d6-bab5-7c9e012a9b6a
console.warn: LoginRecipes: "Falling back to a synchronous message for: http://howstat.com."
1667846579461	Marionette	INFO	Stopped listening on port 52851
console.warn: TopSitesFeed: Failed to fetch data from Contile server: NetworkError when attempting to fetch resource.
1667846824499	geckodriver	INFO	Listening on 127.0.0.1:53014
1667846827548	mozrunner::runner	INFO	Running command: "C:\\Program Files\\Mozilla Firefox\\firefox.exe" "--marionette" "--remote-debugging-port" "53015" "--remote-allow-hosts" "localhost" "-no-remote" "-profile" "C:\\Users\\Hp\\AppData\\Local\\Temp\\rust_mozprofiledW0DcW"
1667846827970	Marionette	INFO	Marionette enabled
1667846827979	Marionette	INFO	Listening on port 53024
Read port: 53024
WebDriver BiDi listening on ws://127.0.0.1:53015
1667846828137	RemoteAgent	WARN	TLS certificate errors will be ignored for this session
console.warn: SearchSettings: "get: No settings file exists, new profile?" (new NotFoundError("Could not open the file at C:\\Users\\Hp\\AppData\\Local\\Temp\\rust_mozprofiledW0DcW\\search.json.mozlz4", (void 0)))
DevTools listening on ws://127.0.0.1:53015/devtools/browser/d887894e-a79b-4e30-b832-6907e25014a6
console.warn: LoginRecipes: "Falling back to a synchronous message for: http://howstat.com."
console.warn: LoginRecipes: "Falling back to a synchronous message for: http://howstat.com."
1667846840685	Marionette	INFO	Stopped listening on port 53024
1667846876543	geckodriver	INFO	Listening on 127.0.0.1:53080
1667846879611	mozrunner::runner	INFO	Running command: "C:\\Program Files\\Mozilla Firefox\\firefox.exe" "--marionette" "--remote-debugging-port" "53081" "--remote-allow-hosts" "localhost" "-no-remote" "-profile" "C:\\Users\\Hp\\AppData\\Local\\Temp\\rust_mozprofilePmbtcK"
1667846880038	Marionette	INFO	Marionette enabled
1667846880044	Marionette	INFO	Listening on port 53090
Read port: 53090
WebDriver BiDi listening on ws://127.0.0.1:53081
1667846880210	RemoteAgent	WARN	TLS certificate errors will be ignored for this session
console.warn: SearchSettings: "get: No settings file exists, new profile?" (new NotFoundError("Could not open the file at C:\\Users\\Hp\\AppData\\Local\\Temp\\rust_mozprofilePmbtcK\\search.json.mozlz4", (void 0)))
DevTools listening on ws://127.0.0.1:53081/devtools/browser/138012f2-a44a-45a0-88c0-12e782e457b4
console.warn: LoginRecipes: "Falling back to a synchronous message for: http://howstat.com."
console.warn: LoginRecipes: "Falling back to a synchronous message for: http://howstat.com."
1667846894531	Marionette	INFO	Stopped listening on port 53090
1667846994487	geckodriver	INFO	Listening on 127.0.0.1:53204
1667846997554	mozrunner::runner	INFO	Running command: "C:\\Program Files\\Mozilla Firefox\\firefox.exe" "--marionette" "--remote-debugging-port" "53205" "--remote-allow-hosts" "localhost" "-no-remote" "-profile" "C:\\Users\\Hp\\AppData\\Local\\Temp\\rust_mozprofilerW4cVI"
1667846997967	Marionette	INFO	Marionette enabled
1667846997973	Marionette	INFO	Listening on port 53214
Read port: 53214
WebDriver BiDi listening on ws://127.0.0.1:53205
1667846998135	RemoteAgent	WARN	TLS certificate errors will be ignored for this session
console.warn: SearchSettings: "get: No settings file exists, new profile?" (new NotFoundError("Could not open the file at C:\\Users\\Hp\\AppData\\Local\\Temp\\rust_mozprofilerW4cVI\\search.json.mozlz4", (void 0)))
DevTools listening on ws://127.0.0.1:53205/devtools/browser/a6f82d79-1147-4bc2-8244-1e9d1e3eaa45
console.warn: LoginRecipes: "Falling back to a synchronous message for: http://howstat.com."
console.warn: LoginRecipes: "Falling back to a synchronous message for: http://howstat.com."
1667847008779	Marionette	INFO	Stopped listening on port 53214
1667847060293	geckodriver	INFO	Listening on 127.0.0.1:53322
1667847063381	mozrunner::runner	INFO	Running command: "C:\\Program Files\\Mozilla Firefox\\firefox.exe" "--marionette" "--remote-debugging-port" "53323" "--remote-allow-hosts" "localhost" "-no-remote" "-profile" "C:\\Users\\Hp\\AppData\\Local\\Temp\\rust_mozprofileWOb7ze"
1667847063888	Marionette	INFO	Marionette enabled
1667847063895	Marionette	INFO	Listening on port 53337
Read port: 53337
WebDriver BiDi listening on ws://127.0.0.1:53323
1667847064060	RemoteAgent	WARN	TLS certificate errors will be ignored for this session
console.warn: SearchSettings: "get: No settings file exists, new profile?" (new NotFoundError("Could not open the file at C:\\Users\\Hp\\AppData\\Local\\Temp\\rust_mozprofileWOb7ze\\search.json.mozlz4", (void 0)))
DevTools listening on ws://127.0.0.1:53323/devtools/browser/a3eb3112-b8f5-4d77-9a9f-4e52b41a165b
console.warn: LoginRecipes: "Falling back to a synchronous message for: http://howstat.com."
console.warn: LoginRecipes: "Falling back to a synchronous message for: http://howstat.com."
console.warn: LoginRecipes: "Falling back to a synchronous message for: https://www.google.com."
console.warn: LoginRecipes: "Falling back to a synchronous message for: https://www.google.com."
JavaScript warning: https://pagead2.googlesyndication.com/bg/PTWQOrfCOp17EyrMcPeT6PfhP85_faJCCfTgkqMfTIQ.js line 2 > eval line 5582 > eval line 1 > eval line 1 > eval, line 1: WEBGL_debug_renderer_info is deprecated in Firefox and will be removed. Please use RENDERER.
1667847593932	addons.xpi	ERROR	System addon update list error Error: Failed downloading XML, status: 0, reason: timeout
console.warn: LoginRecipes: "Falling back to a synchronous message for: https://www.google.com."
JavaScript warning: https://pagead2.googlesyndication.com/bg/PTWQOrfCOp17EyrMcPeT6PfhP85_faJCCfTgkqMfTIQ.js line 2 > eval line 6873 > eval line 1 > eval line 1 > eval, line 1: WEBGL_debug_renderer_info is deprecated in Firefox and will be removed. Please use RENDERER.
JavaScript warning: https://pagead2.googlesyndication.com/bg/PTWQOrfCOp17EyrMcPeT6PfhP85_faJCCfTgkqMfTIQ.js line 2 > eval line 5446 > eval line 1 > eval line 1 > eval, line 1: WEBGL_debug_renderer_info is deprecated in Firefox and will be removed. Please use RENDERER.
JavaScript warning: https://pagead2.googlesyndication.com/bg/PTWQOrfCOp17EyrMcPeT6PfhP85_faJCCfTgkqMfTIQ.js line 2 > eval line 2839 > eval line 1 > eval line 1 > eval, line 1: WEBGL_debug_renderer_info is deprecated in Firefox and will be removed. Please use RENDERER.
JavaScript error: , line 0: uncaught exception: 7
JavaScript error: , line 0: TypeError: NetworkError when attempting to fetch resource.
JavaScript error: , line 0: TypeError: NetworkError when attempting to fetch resource.
JavaScript warning: https://pagead2.googlesyndication.com/bg/PTWQOrfCOp17EyrMcPeT6PfhP85_faJCCfTgkqMfTIQ.js line 2 > eval line 1526 > eval line 1 > eval line 1 > eval, line 1: WEBGL_debug_renderer_info is deprecated in Firefox and will be removed. Please use RENDERER.
JavaScript error: , line 0: TypeError: NetworkError when attempting to fetch resource.
JavaScript error: , line 0: TypeError: NetworkError when attempting to fetch resource.
JavaScript warning: https://pagead2.googlesyndication.com/bg/PTWQOrfCOp17EyrMcPeT6PfhP85_faJCCfTgkqMfTIQ.js line 2 > eval line 4514 > eval line 1 > eval line 1 > eval, line 1: WEBGL_debug_renderer_info is deprecated in Firefox and will be removed. Please use RENDERER.
JavaScript error: , line 0: TypeError: NetworkError when attempting to fetch resource.
JavaScript warning: https://pagead2.googlesyndication.com/bg/PTWQOrfCOp17EyrMcPeT6PfhP85_faJCCfTgkqMfTIQ.js line 2 > eval line 992 > eval line 1 > eval line 1 > eval, line 1: WEBGL_debug_renderer_info is deprecated in Firefox and will be removed. Please use RENDERER.
JavaScript error: , line 0: TypeError: NetworkError when attempting to fetch resource.
JavaScript warning: https://pagead2.googlesyndication.com/bg/PTWQOrfCOp17EyrMcPeT6PfhP85_faJCCfTgkqMfTIQ.js line 2 > eval line 6826 > eval line 1 > eval line 1 > eval, line 1: WEBGL_debug_renderer_info is deprecated in Firefox and will be removed. Please use RENDERER.
JavaScript error: , line 0: TypeError: NetworkError when attempting to fetch resource.
JavaScript warning: https://pagead2.googlesyndication.com/bg/PTWQOrfCOp17EyrMcPeT6PfhP85_faJCCfTgkqMfTIQ.js line 2 > eval line 5699 > eval line 1 > eval line 1 > eval, line 1: WEBGL_debug_renderer_info is deprecated in Firefox and will be removed. Please use RENDERER.
JavaScript error: , line 0: uncaught exception: 7
JavaScript error: , line 0: TypeError: NetworkError when attempting to fetch resource.
JavaScript warning: https://pagead2.googlesyndication.com/bg/PTWQOrfCOp17EyrMcPeT6PfhP85_faJCCfTgkqMfTIQ.js line 2 > eval line 3276 > eval line 1 > eval line 1 > eval, line 1: WEBGL_debug_renderer_info is deprecated in Firefox and will be removed. Please use RENDERER.
JavaScript error: , line 0: TypeError: NetworkError when attempting to fetch resource.
JavaScript error: , line 0: TypeError: NetworkError when attempting to fetch resource.
JavaScript warning: https://pagead2.googlesyndication.com/bg/PTWQOrfCOp17EyrMcPeT6PfhP85_faJCCfTgkqMfTIQ.js line 2 > eval line 5522 > eval line 1 > eval line 1 > eval, line 1: WEBGL_debug_renderer_info is deprecated in Firefox and will be removed. Please use RENDERER.
JavaScript error: , line 0: TypeError: NetworkError when attempting to fetch resource.
JavaScript error: , line 0: TypeError: NetworkError when attempting to fetch resource.
JavaScript warning: https://pagead2.googlesyndication.com/bg/PTWQOrfCOp17EyrMcPeT6PfhP85_faJCCfTgkqMfTIQ.js line 2 > eval line 4732 > eval line 1 > eval line 1 > eval, line 1: WEBGL_debug_renderer_info is deprecated in Firefox and will be removed. Please use RENDERER.
JavaScript error: , line 0: TypeError: NetworkError when attempting to fetch resource.
JavaScript warning: https://pagead2.googlesyndication.com/bg/PTWQOrfCOp17EyrMcPeT6PfhP85_faJCCfTgkqMfTIQ.js line 2 > eval line 1838 > eval line 1 > eval line 1 > eval, line 1: WEBGL_debug_renderer_info is deprecated in Firefox and will be removed. Please use RENDERER.
JavaScript error: , line 0: TypeError: NetworkError when attempting to fetch resource.
JavaScript warning: https://pagead2.googlesyndication.com/bg/PTWQOrfCOp17EyrMcPeT6PfhP85_faJCCfTgkqMfTIQ.js line 2 > eval line 2011 > eval line 1 > eval line 1 > eval, line 1: WEBGL_debug_renderer_info is deprecated in Firefox and will be removed. Please use RENDERER.
JavaScript error: , line 0: TypeError: NetworkError when attempting to fetch resource.
JavaScript warning: https://pagead2.googlesconsole.warn: LoginRecipes: "Falling back to a synchronous message for: https://www.google.com."
JavaScript warning: https://pagead2.googlesyndication.com/bg/PTWQOrfCOp17EyrMcPeT6PfhP85_faJCCfTgkqMfTIQ.js line 2 > eval line 7654 > eval line 1 > eval line 1 > eval, line 1: WEBGL_debug_renderer_info is deprecated in Firefox and will be removed. Please use RENDERER.
1667862169732	Marionette	INFO	Stopped listening on port 54554
console.warn: TopSitesFeed: Failed to fetch data from Contile server: NetworkError when attempting to fetch resource.
eval line 1 > eval, line 1: WEBGL_debug_renderer_info is deprecated in Firefox and will be removed. Please use RENDERER.
JavaScript error: , line 0: TypeError: NetworkError when attempting to fetch resource.
JavaScript warning: https://pagead2.googlesyndication.com/bg/PTWQOrfCOp17EyrMcPeT6PfhP85_faJCCfTgkqMfTIQ.js line 2 > eval line 353 > eval line 1 > eval line 1 > eval, line 1: WEBGL_debug_renderer_info is deprecated in Firefox and will be removed. Please use RENDERER.
JavaScript error: , line 0: TypeError: NetworkError when attempticonsole.warn: LoginRecipes: "Falling back to a synchronous message for: http://howstat.com."
1667848184225	Marionette	INFO	Stopped listening on port 54882
console.warn: TopSitesFeed: Failed to fetch data from Contile server: NetworkError when attempting to fetch resource.
e use RENDERER.
JavaScript error: , line 0: TypeError: NetworkError when attempting to fetch resource.
JavaScript warning: https://pagead2.googlesyndication.com/bg/PTWQOrfCOp17EyrMcPeT6PfhP85_faJCCfTgkqMfTIQ.js line 2 > eval line 6493 > eval line 1 > eval line 1 > eval, line 1: WEBGL_debug_renderer_info is deprecated in Firefox and will be removed. Please use RENDERER.
JavaScript error: , line 0: TypeError: NetworkError when attempting to fetch resource.
JavaScript warning: https://pagead2.googlesyndication.com/bg/PTWQOrfCOp17EyrMcPeT6PfhP85_faJCCfTgkqMfTIQ.js line 2 > eval line 1278 > eval line 1 > eval line 1 > eval, line 1: WEBGL_debug_renderer_info is deprecated in Firefox and will be removed. Please use RENDERER.
JavaScript error: , line 0: TypeError: NetworkError when attempting to fetch resource.
JavaScript warning: https://pagead2.googlesyndication.com/bg/PTWQOrfCOp17EyrMcPeT6PfhP85_faJCCfTgkqMfTIQ.js line 2 > eval line 7220 > eval line 1 > eval line 1 > eval, line 1: WEBGL_debug_renderer_info is deprecated in Firefox and will be removed. Please use RENDERER.
JavaScript error: , line 0: TypeError: NetworkError when attempting to fetch resource.
JavaScript error: , line 0: TypeError: NetworkError when attempting to fetch resource.
JavaScript warning: https://pagead2.googlesyndication.com/bg/PTWQOrfCOp17EyrMcPeT6PfhP85_faJCCfTgkqMfTIQ.js line 2 > eval line 3312 > eval line 1 > eval line 1 > eval, line 1: WEBGL_debug_renderer_info is deprecated in Firefox and will be removed. Please use RENDERER.
JavaScript error: , line 0: uncaught exception: 7
JavaScript error: , line 0: TypeError: NetworkError when attempting to fetch resource.
JavaScript error: , line 0: TypeError: NetworkError when attempting to fetch resource.
console.warn: LoginRecipes: "Falling back to a synchronous message for: http://howstat.com."
JavaScript error: resource://gre/actors/SelectChild.jsm, line 292: TypeError: InspectorUtils.setContentState: Argument 1 is not an object.
console.warn: LoginRecipes: "Falling back to a synchronous message for: http://howstat.com."
console.warn: LoginRecipes: "Falling back to a synchronous message for: http://howstat.com."
console.error: "Unable to find target with innerWindowId:10737418243"
console.warn: LoginRecipes: "Falling back to a synchronous message for: http://howstat.com."
JavaScript warning: https://pagead2.googlesyndication.com/bg/PTWQOrfCOp17EyrMcPeT6PfhP85_faJCCfTgkqMfTIQ.js line 2 > eval line 5603 > eval line 1 > eval line 1 > eval, line 1: WEBGL_debug_renderer_info is deprecated in Firefox and will be removed. Please use RENDERER.
JavaScript warning: https://pagead2.googlesyndication.com/bg/PTWQOrfCOp17EyrMcPeT6PfhP85_faJCCfTgkqMfTIQ.js line 2 > eval line 3639 > eval line 1 > eval line 1 > eval, line 1: WEBGL_debug_renderer_info is deprecated in Firefox and will be removed. Please use RENDERER.
console.warn: LoginRecipes: "Falling back to a synchronous message for: http://howstat.com."
console.error: "Unable to find target with innerWindowId:10737418243"
console.warn: LoginRecipes: "Falling back to a synchronous message for: http://howstat.com."
JavaScript error: , line 0: NotFoundError: No such JSWindowActor 'DevToolsFrame'
console.warn: LoginRecipes: "Falling back to a synchronous message for: http://howstat.com."
console.warn: LoginRecipes: "Falling back to a synchronous message for: http://howstat.com."
console.warn: LoginRecipes: "Falling back to a synchronous message for: http://howstat.com."
JavaScript error: , line 0: TypeError: NetworkError when attempting to fetch resource.
JavaScript error: , line 0: TypeError: NetworkError when attempting to fetch resource.
JavaScript error: , line 0: TypeError: NetworkError when attempting to fetch resource.
JavaScript error: , line 0: TypeError: NetworkError when attempting to fetch resource.
JavaScript error: http://howstat.com/cricket/Statistics/Players/PlayerOverview.asp?PlayerID=4104, line 787: ReferenceError: $ is not defined
console.warn: LoginRecipes: "Falling back to a synchronous message for: https://www.google.com."
console.warn: LoginRecipes: "Falling back to a synchronous message for: https://www.google.com."
console.warn: LoginRecipes: "Falling back to a synchronous message for: https://www.google.com."
JavaScript warning: https://pagead2.googlesyndication.com/bg/PTWQOrfCOp17EyrMcPeT6PfhP85_faJCCfTgkqMfTIQ.js line 2 > eval line 3903 > eval line 1 > eval line 1 > eval, line 1: WEBGL_debug_renderer_info is deprecated in Firefox and will be removed. Please use RENDERER.
JavaScript error: https://cdn-client.medium.com/lite/static/js/3034.5bf7db30.js, line 2: Error: Minified React error #425; visit https://reactjs.org/docs/error-decoder.html?invariant=425 for the full message or use the non-minified dev environment for full errors and additional helpful warnings.
JavaScript error: https://cdn-client.medium.com/lite/static/js/3034.5bf7db30.js, line 2: Error: Minified React error #418; visit https://reactjs.org/docs/error-decoder.html?invariant=418 for the full message or use the non-minified dev environment for full errors and additional helpful warnings.
JavaScript error: https://cdn-client.medium.com/lite/static/js/3034.5bf7db30.js, line 2: Error: Minified React error #418; visit https://reactjs.org/docs/error-decoder.html?invariant=418 for the full message or use the non-minified dev environment for full errors and additional helpful warnings.
JavaScript error: https://cdn-client.medium.com/lite/static/js/3034.5bf7db30.js, line 2: Error: Minified React error #418; visit https://reactjs.org/docs/error-decoder.html?invariant=418 for the full message or use the non-minified dev environment for full errors and additional helpful warnings.
JavaScript error: https://cdn-client.medium.com/lite/static/js/3034.5bf7db30.js, line 2: Error: Minified React error #418; visit https://reactjs.org/docs/error-decoder.html?invariant=418 for the full message or use the non-minified dev environment for full errors and additional helpful warnings.
JavaScript error: https://cdn-client.medium.com/lite/static/js/3034.5bf7db30.js, line 2: Error: Minified React error #418; visit https://reactjs.org/docs/error-decoder.html?invariant=418 for the full message or use the non-minified dev environment for full errors and additional helpful warnings.
JavaScript error: https://cdn-client.medium.com/lite/static/js/3034.5bf7db30.js, line 2: Error: Minified React error #418; visit https://reactjs.org/docs/error-decoder.html?invariant=418 for the full message or use the non-minified dev environment for full errors and additional helpful warnings.
JavaScript error: https://cdn-client.medium.com/lite/static/js/3034.5bf7db30.js, line 2: Error: Minified React error #418; visit https://reactjs.org/docs/error-decoder.html?invariant=418 for the full message or use the non-minified dev environment for full errors and additional helpful warnings.
JavaScript error: https://cdn-client.medium.com/lite/static/js/3034.5bf7db30.js, line 2: Error: Minified React error #418; visit https://reactjs.org/docs/error-decoder.html?invariant=418 for the full message or use the non-minified dev environment for full errors and additional helpful warnings.
JavaScript error: https://cdn-client.medium.com/lite/static/js/3034.5bf7db30.js, line 2: Error: Minified React error #418; visit https://reactjs.org/docs/error-decoder.html?invariant=418 for the full message or use the non-minified dev environment for full errors and additional helpful warnings.
JavaScript error: https://cdn-client.medium.com/lite/static/js/3034.5bf7db30.js, line 2: Error: Minified React error #418; visit https://reactjs.org/docs/error-decoder.html?invariant=418 for the full message or use the non-minified dev environment for full errors and additional helpful warnings.
JavaScript error: https://cdn-client.medium.com/lite/static/js/3034.5bf7db30.js, line 2: Error: Minified React error #418; visit https://reactjs.org/docs/error-decoder.html?invariant=418 for the full message or use the non-minified dev environment for full errors and additional helpful warnings.
JavaScript error: https://cdn-client.medium.com/lite/static/js/3034.5bf7db30.js, line 2: Error: Minified React error #418; visit https://reactjs.org/docs/error-decoder.html?invariant=418 for the full message or use the non-minified dev environment for full errors and additional helpful warnings.
JavaScript error: https://cdn-client.medium.com/lite/static/js/3034.5bf7db30.js, line 2: Error: Minified React error #418; visit https://reactjs.org/docs/error-decoder.html?invariant=418 for the full message or use the non-minified dev environment for full errors and additional helpful warnings.
JavaScript error: https://cdn-client.medium.com/lite/static/js/3034.5bf7db30.js, line 2: Error: Minified React error #423; visit https://reactjs.org/docs/error-decoder.html?invariant=423 for the full message or use the non-minified dev environment for full errors and additional helpful warnings.
JavaScript error: , line 0: TypeError: NetworkError when attempting to fetch resource.
console.warn: LoginRecipes: "Falling back to a synchronous message for: https://www.google.com."
JavaScript warning: https://pagead2.googlesyndication.com/bg/PTWQOrfCOp17EyrMcPeT6PfhP85_faJCCfTgkqMfTIQ.js line 2 > eval line 181 > eval line 1 > eval line 1 > eval, line 1: WEBGL_debug_renderer_info is deprecated in Firefox and will be removed. Please use RENDERER.
JavaScript warning: https://pagead2.googlesyndication.com/bg/PTWQOrfCOp17EyrMcPeT6PfhP85_faJCCfTgkqMfTIQ.js line 2 > eval line 1236 > eval line 1 > eval line 1 > eval, line 1: WEBGL_debug_renderer_info is deprecated in Firefox and will be removed. Please use RENDERER.
console.warn: LoginRecipes: "Falling back to a synchronous message for: http://howstat.com."
console.error: "Unable to find target with innerWindowId:12884901892"
console.error: "Unable to find target with innerWindowId:12884901892"
console.warn: LoginRecipes: "Falling back to a synchronous message for: http://howstat.com."
console.warn: LoginRecipes: "Falling back to a synchronous message for: http://howstat.com."
console.error: "Unable to find target with innerWindowId:12884901895"
console.warn: LoginRecipes: "Falling back to a synchronous message for: http://howstat.com."
console.warn: LoginRecipes: "Falling back to a synchronous message for: http://howstat.com."
console.error: "Unable to find target with innerWindowId:12884901897"
JavaScript error: http://howstat.com/cricket/Statistics/Players/PlayerOverview_ODI.asp?PlayerID=4245, line 790: ReferenceError: $ is not defined
JavaScript error: http://howstat.com/cricket/Statistics/Players/PlayerOverview_ODI.asp?PlayerID=4245, line 790: ReferenceError: $ is not defined
console.warn: LoginRecipes: "Falling back to a synchronous message for: http://howstat.com."
console.error: "Unable to find target with innerWindowId:12884901899"
JavaScript error: http://howstat.com/cricket/Statistics/Players/PlayerOverview_T20.asp?PlayerID=4245, line 769: ReferenceError: $ is not defined
JavaScript error: http://howstat.com/cricket/Statistics/Players/PlayerOverview_T20.asp?PlayerID=3935, line 899: ReferenceError: $ is not defined
console.warn: LoginRecipes: "Falling back to a synchronous message for: http://howstat.com."
console.error: "Unable to find target with innerWindowId:12884901901"
JavaScript error: http://howstat.com/cricket/Statistics/Players/PlayerOverview_T20.asp?PlayerID=4539, line 877: ReferenceError: $ is not defined
JavaScript error: http://howstat.com/cricket/Statistics/Players/PlayerOverview_T20.asp?PlayerID=4539, line 877: ReferenceError: $ is not defined
console.warn: LoginRecipes: "Falling back to a synchronous message for: http://howstat.com."
console.error: "Unable to find target with innerWindowId:12884901902"
console.error: "Unable to find target with innerWindowId:12884901902"
console.warn: LoginRecipes: "Falling back to a synchronous message for: http://howstat.com."
JavaScript error: resource://gre/modules/AsyncShutdown.jsm, line 576: NotFoundError: No such JSWindowActor 'DevToolsFrame'
1667862171673	Marionette	INFO	Stopped listening on port 53337
listening on port 57928
1667857611639	geckodriver	INFO	Listening on 127.0.0.1:58170
1667857614700	mozrunner::runner	INFO	Running command: "C:\\Program Files\\Mozilla Firefox\\firefox.exe" "--marionette" "--remote-debugging-port" "58171" "--remote-allow-hosts" "localhost" "-no-remote" "-profile" "C:\\Users\\Hp\\AppData\\Local\\Temp\\rust_mozprofile0JBjXc"
1667857615272	Marionette	INFO	Marionette enabled
1667857615280	Marionette	INFO	Listening on port 58180
Read port: 58180
WebDriver BiDi listening on ws://127.0.0.1:58171
1667857615467	RemoteAgent	WARN	TLS certificate errors will be ignored for this session
console.warn: SearchSettings: "get: No settings file exists, new profile?" (new NotFoundError("Could not open the file at C:\\Users\\Hp\\AppData\\Local\\Temp\\rust_mozprofile0JBjXc\\search.json.mozlz4", (void 0)))
DevTools listening on ws://127.0.0.1:58171/devtools/browser/0257dc03-81e0-48e1-95e4-7328e76e13a1
console.warn: LoginRecipes: "Falling back to a synchronous message for: http://howstat.com."
console.warn: LoginRecipes: "Falling back to a synchronous message for: http://howstat.com."
console.warn: LoginRecipes: "Falling back to a synchronous message for: http://howstat.com."
1667857655826	Marionette	INFO	Stopped listening on port 58180
1667857700997	geckodriver	INFO	Listening on 127.0.0.1:58391
1667857704058	mozrunner::runner	INFO	Running command: "C:\\Program Files\\Mozilla Firefox\\firefox.exe" "--marionette" "--remote-debugging-port" "58392" "--remote-allow-hosts" "localhost" "-no-remote" "-profile" "C:\\Users\\Hp\\AppData\\Local\\Temp\\rust_mozprofile3AaTrc"
1667857704602	Marionette	INFO	Marionette enabled
1667857704610	Marionette	INFO	Listening on port 58401
WebDriver BiDi listening on ws://127.0.0.1:58392
Read port: 58401
1667857705045	RemoteAgent	WARN	TLS certificate errors will be ignored for this session
console.warn: SearchSettings: "get: No settings file exists, new profile?" (new NotFoundError("Could not open the file at C:\\Users\\Hp\\AppData\\Local\\Temp\\rust_mozprofile3AaTrc\\search.json.mozlz4", (void 0)))
DevTools listening on ws://127.0.0.1:58392/devtools/browser/be2019f0-d69c-4239-9e14-5344c02909fb
console.warn: LoginRecipes: "Falling back to a synchronous message for: http://howstat.com."
console.warn: LoginRecipes: "Falling back to a synchronous message for: http://howstat.com."
console.warn: LoginRecipes: "Falling back to a synchronous message for: http://howstat.com."
1667857745320	Marionette	INFO	Stopped listening on port 58401
1667857999901	geckodriver	INFO	Listening on 127.0.0.1:58613
1667858002980	mozrunner::runner	INFO	Running command: "C:\\Program Files\\Mozilla Firefox\\firefox.exe" "--marionette" "--remote-debugging-port" "58614" "--remote-allow-hosts" "localhost" "-no-remote" "-profile" "C:\\Users\\Hp\\AppData\\Local\\Temp\\rust_mozprofilebmGDwq"
1667858003468	Marionette	INFO	Marionette enabled
1667858003476	Marionette	INFO	Listening on port 58623
Read port: 58623
WebDriver BiDi listening on ws://127.0.0.1:58614
1667858003662	RemoteAgent	WARN	TLS certificate errors will be ignored for this session
console.warn: SearchSettings: "get: No settings file exists, new profile?" (new NotFoundError("Could not open the file at C:\\Users\\Hp\\AppData\\Local\\Temp\\rust_mozprofilebmGDwq\\search.json.mozlz4", (void 0)))
DevTools listening on ws://127.0.0.1:58614/devtools/browser/62c846ba-5110-4624-adce-2fb70cd27244
console.warn: LoginRecipes: "Falling back to a synchronous message for: http://howstat.com."
console.warn: LoginRecipes: "Falling back to a synchronous message for: http://howstat.com."
console.warn: LoginRecipes: "Falling back to a synchronous message for: http://howstat.com."
1667858044500	Marionette	INFO	Stopped listening on port 58623
1667858098686	geckodriver	INFO	Listening on 127.0.0.1:58814
1667858101752	mozrunner::runner	INFO	Running command: "C:\\Program Files\\Mozilla Firefox\\firefox.exe" "--marionette" "--remote-debugging-port" "58815" "--remote-allow-hosts" "localhost" "-no-remote" "-profile" "C:\\Users\\Hp\\AppData\\Local\\Temp\\rust_mozprofileJWkZhp"
1667858102199	Marionette	INFO	Marionette enabled
1667858102207	Marionette	INFO	Listening on port 58824
WebDriver BiDi listening on ws://127.0.0.1:58815
Read port: 58824
1667858102580	RemoteAgent	WARN	TLS certificate errors will be ignored for this session
console.warn: SearchSettings: "get: No settings file exists, new profile?" (new NotFoundError("Could not open the file at C:\\Users\\Hp\\AppData\\Local\\Temp\\rust_mozprofileJWkZhp\\search.json.mozlz4", (void 0)))
DevTools listening on ws://127.0.0.1:58815/devtools/browser/8b1f624b-64a3-4aa5-810e-ac957cd32c2a
console.warn: LoginRecipes: "Falling back to a synchronous message for: http://howstat.com."
console.warn: LoginRecipes: "Falling back to a synchronous message for: http://howstat.com."
console.warn: LoginRecipes: "Falling back to a synchronous message for: http://howstat.com."
1667858143040	Marionette	INFO	Stopped listening on port 58824
1667858207414	geckodriver	INFO	Listening on 127.0.0.1:59044
1667858210485	mozrunner::runner	INFO	Running command: "C:\\Program Files\\Mozilla Firefox\\firefox.exe" "--marionette" "--remote-debugging-port" "59045" "--remote-allow-hosts" "localhost" "-no-remote" "-profile" "C:\\Users\\Hp\\AppData\\Local\\Temp\\rust_mozprofileWzMKsm"
1667858210949	Marionette	INFO	Marionette enabled
1667858210956	Marionette	INFO	Listening on port 59054
Read port: 59054
WebDriver BiDi listening on ws://127.0.0.1:59045
1667858211133	RemoteAgent	WARN	TLS certificate errors will be ignored for this session
console.warn: SearchSettings: "get: No settings file exists, new profile?" (new NotFoundError("Could not open the file at C:\\Users\\Hp\\AppData\\Local\\Temp\\rust_mozprofileWzMKsm\\search.json.mozlz4", (void 0)))
DevTools listening on ws://127.0.0.1:59045/devtools/browser/b85019a6-ea95-4f40-b750-47851b6e1b49
console.warn: LoginRecipes: "Falling back to a synchronous message for: http://howstat.com."
console.warn: LoginRecipes: "Falling back to a synchronous message for: http://howstat.com."
console.warn: LoginRecipes: "Falling back to a synchronous message for: http://howstat.com."
1667858251567	Marionette	INFO	Stopped listening on port 59054
1667858568009	geckodriver	INFO	Listening on 127.0.0.1:59254
1667858571076	mozrunner::runner	INFO	Running command: "C:\\Program Files\\Mozilla Firefox\\firefox.exe" "--marionette" "--remote-debugging-port" "59255" "--remote-allow-hosts" "localhost" "-no-remote" "-profile" "C:\\Users\\Hp\\AppData\\Local\\Temp\\rust_mozprofilen7Z8Kz"
1667858571561	Marionette	INFO	Marionette enabled
1667858571568	Marionette	INFO	Listening on port 59264
Read port: 59264
WebDriver BiDi listening on ws://127.0.0.1:59255
1667858571744	RemoteAgent	WARN	TLS certificate errors will be ignored for this session
console.warn: SearchSettings: "get: No settings file exists, new profile?" (new NotFoundError("Could not open the file at C:\\Users\\Hp\\AppData\\Local\\Temp\\rust_mozprofilen7Z8Kz\\search.json.mozlz4", (void 0)))
DevTools listening on ws://127.0.0.1:59255/devtools/browser/cbac0db7-6119-4b47-a727-18a7665c6063
console.warn: LoginRecipes: "Falling back to a synchronous message for: http://howstat.com."
console.warn: LoginRecipes: "Falling back to a synchronous message for: http://howstat.com."
console.warn: LoginRecipes: "Falling back to a synchronous message for: http://howstat.com."
1667858612469	Marionette	INFO	Stopped listening on port 59264
1667858666761	geckodriver	INFO	Listening on 127.0.0.1:59461
1667858669856	mozrunner::runner	INFO	Running command: "C:\\Program Files\\Mozilla Firefox\\firefox.exe" "--marionette" "--remote-debugging-port" "59462" "--remote-allow-hosts" "localhost" "-no-remote" "-profile" "C:\\Users\\Hp\\AppData\\Local\\Temp\\rust_mozprofileEzWWrq"
1667858670294	Marionette	INFO	Marionette enabled
1667858670301	Marionette	INFO	Listening on port 59471
WebDriver BiDi listening on ws://127.0.0.1:59462
Read port: 59471
1667858670752	RemoteAgent	WARN	TLS certificate errors will be ignored for this session
console.warn: SearchSettings: "get: No settings file exists, new profile?" (new NotFoundError("Could not open the file at C:\\Users\\Hp\\AppData\\Local\\Temp\\rust_mozprofileEzWWrq\\search.json.mozlz4", (void 0)))
DevTools listening on ws://127.0.0.1:59462/devtools/browser/326d1f4a-c634-4baf-9317-bc81b6afe701
console.warn: LoginRecipes: "Falling back to a synchronous message for: http://howstat.com."
console.warn: LoginRecipes: "Falling back to a synchronous message for: http://howstat.com."
console.warn: LoginRecipes: "Falling back to a synchronous message for: http://howstat.com."
1667858711411	Marionette	INFO	Stopped listening on port 59471
1667858789801	geckodriver	INFO	Listening on 127.0.0.1:59691
1667858792835	mozrunner::runner	INFO	Running command: "C:\\Program Files\\Mozilla Firefox\\firefox.exe" "--marionette" "--remote-debugging-port" "59692" "--remote-allow-hosts" "localhost" "-no-remote" "-profile" "C:\\Users\\Hp\\AppData\\Local\\Temp\\rust_mozprofilefPqErj"
1667858793309	Marionette	INFO	Marionette enabled
1667858793318	Marionette	INFO	Listening on port 59701
Read port: 59701
WebDriver BiDi listening on ws://127.0.0.1:59692
1667858793507	RemoteAgent	WARN	TLS certificate errors will be ignored for this session
console.warn: SearchSettings: "get: No settings file exists, new profile?" (new NotFoundError("Could not open the file at C:\\Users\\Hp\\AppData\\Local\\Temp\\rust_mozprofilefPqErj\\search.json.mozlz4", (void 0)))
DevTools listening on ws://127.0.0.1:59692/devtools/browser/83a3f269-3b2f-4d45-bc3b-22f3c0372116
console.warn: LoginRecipes: "Falling back to a synchronous message for: http://howstat.com."
console.warn: LoginRecipes: "Falling back to a synchronous message for: http://howstat.com."
console.warn: LoginRecipes: "Falling back to a synchronous message for: http://howstat.com."
1667858834274	Marionette	INFO	Stopped listening on port 59701
1667933370100	geckodriver	INFO	Listening on 127.0.0.1:64034
1667933373164	mozrunner::runner	INFO	Running command: "C:\\Program Files\\Mozilla Firefox\\firefox.exe" "--marionette" "--remote-debugging-port" "64035" "--remote-allow-hosts" "localhost" "-no-remote" "-profile" "C:\\Users\\Hp\\AppData\\Local\\Temp\\rust_mozprofile8QGAtX"
1667933374277	Marionette	INFO	Marionette enabled
1667933374288	Marionette	INFO	Listening on port 64045
Read port: 64045
WebDriver BiDi listening on ws://127.0.0.1:64035
1667933374551	RemoteAgent	WARN	TLS certificate errors will be ignored for this session
console.warn: SearchSettings: "get: No settings file exists, new profile?" (new NotFoundError("Could not open the file at C:\\Users\\Hp\\AppData\\Local\\Temp\\rust_mozprofile8QGAtX\\search.json.mozlz4", (void 0)))
DevTools listening on ws://127.0.0.1:64035/devtools/browser/9daeb3d8-3b97-4d6c-bca7-06f0813461e6
console.warn: LoginRecipes: "Falling back to a synchronous message for: http://howstat.com."
console.warn: LoginRecipes: "Falling back to a synchronous message for: http://howstat.com."
1667933401735	Marionette	INFO	Stopped listening on port 64045
JavaScript error: chrome://remote/content/marionette/cert.js, line 57: NS_ERROR_NOT_AVAILABLE: Component returned failure code: 0x80040111 (NS_ERROR_NOT_AVAILABLE) [nsICertOverrideService.setDisableAllSecurityChecksAndLetAttackersInterceptMyData]
!!! error running onStopped callback: TypeError: callback is not a function
console.warn: TopSitesFeed: Failed to fetch data from Contile server: NetworkError when attempting to fetch resource.
1667933401896	RemoteAgent	ERROR	unable to stop listener: [Exception... "Component returned failure code: 0x80040111 (NS_ERROR_NOT_AVAILABLE) [nsICertOverrideService.setDisableAllSecurityChecksAndLetAttackersInterceptMyData]"  nsresult: "0x80040111 (NS_ERROR_NOT_AVAILABLE)"  location: "JS frame :: chrome://remote/content/marionette/cert.js :: allowAllCerts.disable :: line 57"  data: no] Stack trace: allowAllCerts.disable()@cert.js:57
destroy()@Session.jsm:206
deleteSession()@WebDriverBiDi.jsm:148
stop()@WebDriverBiDi.jsm:227
1667933714268	geckodriver	INFO	Listening on 127.0.0.1:64261
1667933717320	mozrunner::runner	INFO	Running command: "C:\\Program Files\\Mozilla Firefox\\firefox.exe" "--marionette" "--remote-debugging-port" "64262" "--remote-allow-hosts" "localhost" "-no-remote" "-profile" "C:\\Users\\Hp\\AppData\\Local\\Temp\\rust_mozprofilezfzIWu"
1667933717833	Marionette	INFO	Marionette enabled
1667933717839	Marionette	INFO	Listening on port 64271
Read port: 64271
WebDriver BiDi listening on ws://127.0.0.1:64262
1667933718017	RemoteAgent	WARN	TLS certificate errors will be ignored for this session
console.warn: SearchSettings: "get: No settings file exists, new profile?" (new NotFoundError("Could not open the file at C:\\Users\\Hp\\AppData\\Local\\Temp\\rust_mozprofilezfzIWu\\search.json.mozlz4", (void 0)))
DevTools listening on ws://127.0.0.1:64262/devtools/browser/aa019c40-f8a8-4587-aef8-652e066cd729
console.warn: LoginRecipes: "Falling back to a synchronous message for: http://howstat.com."
console.warn: LoginRecipes: "Falling back to a synchronous message for: http://howstat.com."
console.warn: LoginRecipes: "Falling back to a synchronous message for: http://howstat.com."
1667933763890	Marionette	INFO	Stopped listening on port 64271
1667933845438	geckodriver	INFO	Listening on 127.0.0.1:64443
1667933848511	mozrunner::runner	INFO	Running command: "C:\\Program Files\\Mozilla Firefox\\firefox.exe" "--marionette" "--remote-debugging-port" "64444" "--remote-allow-hosts" "localhost" "-no-remote" "-profile" "C:\\Users\\Hp\\AppData\\Local\\Temp\\rust_mozprofile7LSxwb"
1667933848991	Marionette	INFO	Marionette enabled
1667933848999	Marionette	INFO	Listening on port 64453
WebDriver BiDi listening on ws://127.0.0.1:64444
Read port: 64453
1667933849373	RemoteAgent	WARN	TLS certificate errors will be ignored for this session
console.warn: SearchSettings: "get: No settings file exists, new profile?" (new NotFoundError("Could not open the file at C:\\Users\\Hp\\AppData\\Local\\Temp\\rust_mozprofile7LSxwb\\search.json.mozlz4", (void 0)))
DevTools listening on ws://127.0.0.1:64444/devtools/browser/1ec68d96-91e2-458e-9777-02ad2c084227
console.warn: LoginRecipes: "Falling back to a synchronous message for: http://howstat.com."
console.warn: LoginRecipes: "Falling back to a synchronous message for: http://howstat.com."
console.warn: LoginRecipes: "Falling back to a synchronous message for: http://howstat.com."
1667933892203	Marionette	INFO	Stopped listening on port 64453
1667936960405	geckodriver	INFO	Listening on 127.0.0.1:57889
1667936963463	mozrunner::runner	INFO	Running command: "C:\\Program Files\\Mozilla Firefox\\firefox.exe" "--marionette" "--remote-debugging-port" "57890" "--remote-allow-hosts" "localhost" "-no-remote" "-profile" "C:\\Users\\Hp\\AppData\\Local\\Temp\\rust_mozprofile4KRPMg"
1667936964232	Marionette	INFO	Marionette enabled
1667936964242	Marionette	INFO	Listening on port 57094
Read port: 57094
WebDriver BiDi listening on ws://127.0.0.1:57890
1667936964500	RemoteAgent	WARN	TLS certificate errors will be ignored for this session
console.warn: SearchSettings: "get: No settings file exists, new profile?" (new NotFoundError("Could not open the file at C:\\Users\\Hp\\AppData\\Local\\Temp\\rust_mozprofile4KRPMg\\search.json.mozlz4", (void 0)))
DevTools listening on ws://127.0.0.1:57890/devtools/browser/df96285e-b4af-4fee-8e46-4d4a37e94275
console.warn: LoginRecipes: "Falling back to a synchronous message for: http://howstat.com."
console.warn: LoginRecipes: "Falling back to a synchronous message for: http://howstat.com."
console.warn: LoginRecipes: "Falling back to a synchronous message for: http://howstat.com."
1667937008367	Marionette	INFO	Stopped listening on port 57094
1667937848616	geckodriver	INFO	Listening on 127.0.0.1:57396
1667937851732	mozrunner::runner	INFO	Running command: "C:\\Program Files\\Mozilla Firefox\\firefox.exe" "--marionette" "--remote-debugging-port" "57397" "--remote-allow-hosts" "localhost" "-no-remote" "-profile" "C:\\Users\\Hp\\AppData\\Local\\Temp\\rust_mozprofileHqS8m3"
1667937852198	Marionette	INFO	Marionette enabled
1667937852205	Marionette	INFO	Listening on port 57406
WebDriver BiDi listening on ws://127.0.0.1:57397
Read port: 57406
1667937852633	RemoteAgent	WARN	TLS certificate errors will be ignored for this session
console.warn: SearchSettings: "get: No settings file exists, new profile?" (new NotFoundError("Could not open the file at C:\\Users\\Hp\\AppData\\Local\\Temp\\rust_mozprofileHqS8m3\\search.json.mozlz4", (void 0)))
DevTools listening on ws://127.0.0.1:57397/devtools/browser/6b03c033-f895-43a3-ac8d-c16ac5776b39
console.warn: LoginRecipes: "Falling back to a synchronous message for: http://howstat.com."
console.warn: LoginRecipes: "Falling back to a synchronous message for: http://howstat.com."
console.warn: LoginRecipes: "Falling back to a synchronous message for: http://howstat.com."
1667937893909	Marionette	INFO	Stopped listening on port 57406
1667938111374	geckodriver	INFO	Listening on 127.0.0.1:52820
1667938114430	mozrunner::runner	INFO	Running command: "C:\\Program Files\\Mozilla Firefox\\firefox.exe" "--marionette" "--remote-debugging-port" "52821" "--remote-allow-hosts" "localhost" "-no-remote" "-profile" "C:\\Users\\Hp\\AppData\\Local\\Temp\\rust_mozprofileMDGY00"
1667938114877	Marionette	INFO	Marionette enabled
1667938114884	Marionette	INFO	Listening on port 52830
WebDriver BiDi listening on ws://127.0.0.1:52821
Read port: 52830
1667938115277	RemoteAgent	WARN	TLS certificate errors will be ignored for this session
console.warn: SearchSettings: "get: No settings file exists, new profile?" (new NotFoundError("Could not open the file at C:\\Users\\Hp\\AppData\\Local\\Temp\\rust_mozprofileMDGY00\\search.json.mozlz4", (void 0)))
DevTools listening on ws://127.0.0.1:52821/devtools/browser/ef2f4a1f-bf8d-499f-b59d-0c7dbe90256b
console.warn: LoginRecipes: "Falling back to a synchronous message for: http://howstat.com."
console.warn: LoginRecipes: "Falling back to a synchronous message for: http://howstat.com."
console.warn: LoginRecipes: "Falling back to a synchronous message for: http://howstat.com."
1667938157402	Marionette	INFO	Stopped listening on port 52830
!!! error running onStopped callback: TypeError: callback is not a function
1667938500950	geckodriver	INFO	Listening on 127.0.0.1:64956
1667938504027	mozrunner::runner	INFO	Running command: "C:\\Program Files\\Mozilla Firefox\\firefox.exe" "--marionette" "--remote-debugging-port" "64957" "--remote-allow-hosts" "localhost" "-no-remote" "-profile" "C:\\Users\\Hp\\AppData\\Local\\Temp\\rust_mozprofilepj11qs"
1667938504761	Marionette	INFO	Marionette enabled
1667938504769	Marionette	INFO	Listening on port 64966
Read port: 64966
WebDriver BiDi listening on ws://127.0.0.1:64957
1667938504981	RemoteAgent	WARN	TLS certificate errors will be ignored for this session
console.warn: SearchSettings: "get: No settings file exists, new profile?" (new NotFoundError("Could not open the file at C:\\Users\\Hp\\AppData\\Local\\Temp\\rust_mozprofilepj11qs\\search.json.mozlz4", (void 0)))
DevTools listening on ws://127.0.0.1:64957/devtools/browser/994e48f1-6533-401e-89d7-86fa384ddbe7
console.warn: LoginRecipes: "Falling back to a synchronous message for: http://howstat.com."
console.warn: LoginRecipes: "Falling back to a synchronous message for: http://howstat.com."
console.warn: LoginRecipes: "Falling back to a synchronous message for: http://howstat.com."
1667938545227	Marionette	INFO	Stopped listening on port 64966
1667938584044	geckodriver	INFO	Listening on 127.0.0.1:63612
1667938587101	mozrunner::runner	INFO	Running command: "C:\\Program Files\\Mozilla Firefox\\firefox.exe" "--marionette" "--remote-debugging-port" "63613" "--remote-allow-hosts" "localhost" "-no-remote" "-profile" "C:\\Users\\Hp\\AppData\\Local\\Temp\\rust_mozprofilezzGig6"
1667938587541	Marionette	INFO	Marionette enabled
1667938587548	Marionette	INFO	Listening on port 63622
WebDriver BiDi listening on ws://127.0.0.1:63613
Read port: 63622
1667938588030	RemoteAgent	WARN	TLS certificate errors will be ignored for this session
console.warn: SearchSettings: "get: No settings file exists, new profile?" (new NotFoundError("Could not open the file at C:\\Users\\Hp\\AppData\\Local\\Temp\\rust_mozprofilezzGig6\\search.json.mozlz4", (void 0)))
DevTools listening on ws://127.0.0.1:63613/devtools/browser/13895035-3fec-4159-a8bd-e2e45c95fa36
console.warn: LoginRecipes: "Falling back to a synchronous message for: http://howstat.com."
console.warn: LoginRecipes: "Falling back to a synchronous message for: http://howstat.com."
console.warn: LoginRecipes: "Falling back to a synchronous message for: http://howstat.com."
1667938627909	Marionette	INFO	Stopped listening on port 63622
1667938685709	geckodriver	INFO	Listening on 127.0.0.1:63855
1667938688767	mozrunner::runner	INFO	Running command: "C:\\Program Files\\Mozilla Firefox\\firefox.exe" "--marionette" "--remote-debugging-port" "63856" "--remote-allow-hosts" "localhost" "-no-remote" "-profile" "C:\\Users\\Hp\\AppData\\Local\\Temp\\rust_mozprofilecV9TLX"
1667938689204	Marionette	INFO	Marionette enabled
1667938689212	Marionette	INFO	Listening on port 63865
WebDriver BiDi listening on ws://127.0.0.1:63856
Read port: 63865
1667938689667	RemoteAgent	WARN	TLS certificate errors will be ignored for this session
console.warn: SearchSettings: "get: No settings file exists, new profile?" (new NotFoundError("Could not open the file at C:\\Users\\Hp\\AppData\\Local\\Temp\\rust_mozprofilecV9TLX\\search.json.mozlz4", (void 0)))
DevTools listening on ws://127.0.0.1:63856/devtools/browser/019b6120-b5c5-484c-a6dc-c1d3ea7198af
console.warn: LoginRecipes: "Falling back to a synchronous message for: http://howstat.com."
console.warn: LoginRecipes: "Falling back to a synchronous message for: http://howstat.com."
console.warn: LoginRecipes: "Falling back to a synchronous message for: http://howstat.com."
1667938729713	Marionette	INFO	Stopped listening on port 63865
1667939013950	geckodriver	INFO	Listening on 127.0.0.1:64174
1667939017027	mozrunner::runner	INFO	Running command: "C:\\Program Files\\Mozilla Firefox\\firefox.exe" "--marionette" "--remote-debugging-port" "64175" "--remote-allow-hosts" "localhost" "-no-remote" "-profile" "C:\\Users\\Hp\\AppData\\Local\\Temp\\rust_mozprofileystQ13"
1667939017474	Marionette	INFO	Marionette enabled
1667939017482	Marionette	INFO	Listening on port 64184
WebDriver BiDi listening on ws://127.0.0.1:64175
Read port: 64184
1667939017895	RemoteAgent	WARN	TLS certificate errors will be ignored for this session
console.warn: SearchSettings: "get: No settings file exists, new profile?" (new NotFoundError("Could not open the file at C:\\Users\\Hp\\AppData\\Local\\Temp\\rust_mozprofileystQ13\\search.json.mozlz4", (void 0)))
DevTools listening on ws://127.0.0.1:64175/devtools/browser/c31909d4-90c0-4638-8af7-712bdbd0bf97
console.warn: LoginRecipes: "Falling back to a synchronous message for: http://howstat.com."
console.warn: LoginRecipes: "Falling back to a synchronous message for: http://howstat.com."
console.warn: LoginRecipes: "Falling back to a synchronous message for: http://howstat.com."
1667939057582	Marionette	INFO	Stopped listening on port 64184
